<?xml version="1.0" encoding="UTF-8"?>
<testng-results ignored="0" total="1" passed="1" failed="0" skipped="0">
  <reporter-output>
  </reporter-output>
  <suite started-at="2024-11-19T18:09:11 IST" name="Default suite" finished-at="2024-11-19T18:10:07 IST" duration-ms="56018">
    <groups>
    </groups>
    <test started-at="2024-11-19T18:09:11 IST" name="Default test" finished-at="2024-11-19T18:10:07 IST" duration-ms="56018">
      <class name="Shopperstack_TestScripts.Tc_003_Verify_User_Is_Able_To_Add_Product_To_Cart_Or_Not">
        <test-method is-config="true" signature="beforeSuite()[pri:0, instance:Shopperstack_TestScripts.Tc_003_Verify_User_Is_Able_To_Add_Product_To_Cart_Or_Not@54d9d12d]" started-at="2024-11-19T18:09:11 IST" name="beforeSuite" finished-at="2024-11-19T18:09:11 IST" duration-ms="24" status="PASS">
          <reporter-output>
          </reporter-output>
        </test-method> <!-- beforeSuite -->
        <test-method is-config="true" signature="beforeTest()[pri:0, instance:Shopperstack_TestScripts.Tc_003_Verify_User_Is_Able_To_Add_Product_To_Cart_Or_Not@54d9d12d]" started-at="2024-11-19T18:09:11 IST" name="beforeTest" finished-at="2024-11-19T18:09:12 IST" duration-ms="700" status="PASS">
          <reporter-output>
          </reporter-output>
        </test-method> <!-- beforeTest -->
        <test-method is-config="true" signature="beforeClass()[pri:0, instance:Shopperstack_TestScripts.Tc_003_Verify_User_Is_Able_To_Add_Product_To_Cart_Or_Not@54d9d12d]" started-at="2024-11-19T18:09:12 IST" name="beforeClass" finished-at="2024-11-19T18:09:22 IST" duration-ms="10122" status="PASS">
          <reporter-output>
          </reporter-output>
        </test-method> <!-- beforeClass -->
        <test-method is-config="true" signature="beforeMethod()[pri:0, instance:Shopperstack_TestScripts.Tc_003_Verify_User_Is_Able_To_Add_Product_To_Cart_Or_Not@54d9d12d]" started-at="2024-11-19T18:09:22 IST" name="beforeMethod" finished-at="2024-11-19T18:09:36 IST" duration-ms="14076" status="PASS">
          <reporter-output>
          </reporter-output>
        </test-method> <!-- beforeMethod -->
        <test-method signature="orderProduct()[pri:0, instance:Shopperstack_TestScripts.Tc_003_Verify_User_Is_Able_To_Add_Product_To_Cart_Or_Not@54d9d12d]" started-at="2024-11-19T18:09:36 IST" name="orderProduct" finished-at="2024-11-19T18:10:01 IST" duration-ms="25228" status="PASS">
          <reporter-output>
          </reporter-output>
        </test-method> <!-- orderProduct -->
        <test-method is-config="true" signature="afterMethod()[pri:0, instance:Shopperstack_TestScripts.Tc_003_Verify_User_Is_Able_To_Add_Product_To_Cart_Or_Not@54d9d12d]" started-at="2024-11-19T18:10:01 IST" name="afterMethod" finished-at="2024-11-19T18:10:02 IST" duration-ms="540" status="PASS">
          <reporter-output>
          </reporter-output>
        </test-method> <!-- afterMethod -->
        <test-method is-config="true" signature="afterClass()[pri:0, instance:Shopperstack_TestScripts.Tc_003_Verify_User_Is_Able_To_Add_Product_To_Cart_Or_Not@54d9d12d]" started-at="2024-11-19T18:10:02 IST" name="afterClass" finished-at="2024-11-19T18:10:06 IST" duration-ms="4476" status="PASS">
          <reporter-output>
          </reporter-output>
        </test-method> <!-- afterClass -->
        <test-method is-config="true" signature="afterTest()[pri:0, instance:Shopperstack_TestScripts.Tc_003_Verify_User_Is_Able_To_Add_Product_To_Cart_Or_Not@54d9d12d]" started-at="2024-11-19T18:10:06 IST" name="afterTest" finished-at="2024-11-19T18:10:07 IST" duration-ms="778" status="PASS">
          <reporter-output>
          </reporter-output>
        </test-method> <!-- afterTest -->
        <test-method is-config="true" signature="afterSuite()[pri:0, instance:Shopperstack_TestScripts.Tc_003_Verify_User_Is_Able_To_Add_Product_To_Cart_Or_Not@54d9d12d]" started-at="2024-11-19T18:10:07 IST" name="afterSuite" finished-at="2024-11-19T18:10:07 IST" duration-ms="0" status="PASS">
          <reporter-output>
          </reporter-output>
        </test-method> <!-- afterSuite -->
      </class> <!-- Shopperstack_TestScripts.Tc_003_Verify_User_Is_Able_To_Add_Product_To_Cart_Or_Not -->
    </test> <!-- Default test -->
  </suite> <!-- Default suite -->
</testng-results>
